# JRE version: OpenJDK Runtime Environment (21.0.8) (build 21.0.8+-14196175-b1038.72)
# Java VM: OpenJDK 64-Bit Server VM (21.0.8+-14196175-b1038.72, mixed mode, tiered, compressed oops, compressed class ptrs, g1 gc, windows-amd64)
GC Precious Log:
 CardTable entry size: 512
 Card Set container configuration: InlinePtr #cards 5 size 8 Array Of Cards #cards 12 size 40 Howl #buckets 4 coarsen threshold 1843 Howl Bitmap #cards 512 size 80 coarsen threshold 460 Card regions per heap region 1 cards per card region 2048
 CPUs: 28 total, 28 available
 Memory: 16039M
 Large Page Support: Disabled
 NUMA Support: Disabled
 Compressed Oops: Enabled (32-bit)
 Heap Region Size: 1M
 Heap Min Capacity: 8M
 Heap Initial Capacity: 252M
 Heap Max Capacity: 2G
 Pre-touch: Disabled
 Parallel Workers: 20
 Concurrent Workers: 5
 Concurrent Refinement Workers: 20
 Periodic GC: Disabled
Heap:
 garbage-first heap   total 121856K, used 82628K [0x0000000080000000, 0x0000000100000000)
  region size 1024K, 40 young (40960K), 4 survivors (4096K)
 Metaspace       used 69411K, committed 71104K, reserved 1114112K
  class space    used 9801K, committed 10624K, reserved 1048576K
GC Heap History (20 events):
Event: 1.133 GC heap before
{Heap before GC invocations=3 (full 0):
 garbage-first heap   total 258048K, used 27341K [0x0000000080000000, 0x0000000100000000)
  region size 1024K, 19 young (19456K), 9 survivors (9216K)
 Metaspace       used 21217K, committed 21504K, reserved 1114112K
  class space    used 2521K, committed 2624K, reserved 1048576K
}
Event: 1.136 GC heap after
{Heap after GC invocations=4 (full 0):
 garbage-first heap   total 258048K, used 19818K [0x0000000080000000, 0x0000000100000000)
  region size 1024K, 10 young (10240K), 10 survivors (10240K)
 Metaspace       used 21217K, committed 21504K, reserved 1114112K
  class space    used 2521K, committed 2624K, reserved 1048576K
}
Event: 1.477 GC heap before
{Heap before GC invocations=5 (full 0):
 garbage-first heap   total 68608K, used 66922K [0x0000000080000000, 0x0000000100000000)
  region size 1024K, 57 young (58368K), 10 survivors (10240K)
 Metaspace       used 28902K, committed 29376K, reserved 1114112K
  class space    used 3770K, committed 3968K, reserved 1048576K
}
Event: 1.481 GC heap after
{Heap after GC invocations=6 (full 0):
 garbage-first heap   total 81920K, used 22402K [0x0000000080000000, 0x0000000100000000)
  region size 1024K, 13 young (13312K), 13 survivors (13312K)
 Metaspace       used 28902K, committed 29376K, reserved 1114112K
  class space    used 3770K, committed 3968K, reserved 1048576K
}
Event: 1.703 GC heap before
{Heap before GC invocations=6 (full 0):
 garbage-first heap   total 81920K, used 58242K [0x0000000080000000, 0x0000000100000000)
  region size 1024K, 48 young (49152K), 13 survivors (13312K)
 Metaspace       used 33549K, committed 34304K, reserved 1114112K
  class space    used 4583K, committed 4928K, reserved 1048576K
}
Event: 1.708 GC heap after
{Heap after GC invocations=7 (full 0):
 garbage-first heap   total 81920K, used 24451K [0x0000000080000000, 0x0000000100000000)
  region size 1024K, 5 young (5120K), 5 survivors (5120K)
 Metaspace       used 33549K, committed 34304K, reserved 1114112K
  class space    used 4583K, committed 4928K, reserved 1048576K
}
Event: 1.770 GC heap before
{Heap before GC invocations=7 (full 0):
 garbage-first heap   total 81920K, used 32643K [0x0000000080000000, 0x0000000100000000)
  region size 1024K, 15 young (15360K), 5 survivors (5120K)
 Metaspace       used 35158K, committed 35968K, reserved 1114112K
  class space    used 4850K, committed 5184K, reserved 1048576K
}
Event: 1.772 GC heap after
{Heap after GC invocations=8 (full 0):
 garbage-first heap   total 81920K, used 25017K [0x0000000080000000, 0x0000000100000000)
  region size 1024K, 3 young (3072K), 3 survivors (3072K)
 Metaspace       used 35158K, committed 35968K, reserved 1114112K
  class space    used 4850K, committed 5184K, reserved 1048576K
}
Event: 2.080 GC heap before
{Heap before GC invocations=9 (full 0):
 garbage-first heap   total 81920K, used 68025K [0x0000000080000000, 0x0000000100000000)
  region size 1024K, 46 young (47104K), 3 survivors (3072K)
 Metaspace       used 43862K, committed 44736K, reserved 1114112K
  class space    used 5993K, committed 6400K, reserved 1048576K
}
Event: 2.083 GC heap after
{Heap after GC invocations=10 (full 0):
 garbage-first heap   total 98304K, used 29792K [0x0000000080000000, 0x0000000100000000)
  region size 1024K, 6 young (6144K), 6 survivors (6144K)
 Metaspace       used 43862K, committed 44736K, reserved 1114112K
  class space    used 5993K, committed 6400K, reserved 1048576K
}
Event: 2.321 GC heap before
{Heap before GC invocations=10 (full 0):
 garbage-first heap   total 98304K, used 86112K [0x0000000080000000, 0x0000000100000000)
  region size 1024K, 57 young (58368K), 6 survivors (6144K)
 Metaspace       used 48337K, committed 49408K, reserved 1114112K
  class space    used 6555K, committed 7104K, reserved 1048576K
}
Event: 2.324 GC heap after
{Heap after GC invocations=11 (full 0):
 garbage-first heap   total 99328K, used 34347K [0x0000000080000000, 0x0000000100000000)
  region size 1024K, 8 young (8192K), 8 survivors (8192K)
 Metaspace       used 48337K, committed 49408K, reserved 1114112K
  class space    used 6555K, committed 7104K, reserved 1048576K
}
Event: 2.566 GC heap before
{Heap before GC invocations=11 (full 0):
 garbage-first heap   total 99328K, used 84523K [0x0000000080000000, 0x0000000100000000)
  region size 1024K, 57 young (58368K), 8 survivors (8192K)
 Metaspace       used 54689K, committed 56064K, reserved 1114112K
  class space    used 7632K, committed 8320K, reserved 1048576K
}
Event: 2.569 GC heap after
{Heap after GC invocations=12 (full 0):
 garbage-first heap   total 99328K, used 37239K [0x0000000080000000, 0x0000000100000000)
  region size 1024K, 7 young (7168K), 7 survivors (7168K)
 Metaspace       used 54689K, committed 56064K, reserved 1114112K
  class space    used 7632K, committed 8320K, reserved 1048576K
}
Event: 2.806 GC heap before
{Heap before GC invocations=12 (full 0):
 garbage-first heap   total 99328K, used 88439K [0x0000000080000000, 0x0000000100000000)
  region size 1024K, 54 young (55296K), 7 survivors (7168K)
 Metaspace       used 58118K, committed 59584K, reserved 1114112K
  class space    used 8049K, committed 8768K, reserved 1048576K
}
Event: 2.809 GC heap after
{Heap after GC invocations=13 (full 0):
 garbage-first heap   total 101376K, used 43986K [0x0000000080000000, 0x0000000100000000)
  region size 1024K, 7 young (7168K), 7 survivors (7168K)
 Metaspace       used 58118K, committed 59584K, reserved 1114112K
  class space    used 8049K, committed 8768K, reserved 1048576K
}
Event: 2.853 GC heap before
{Heap before GC invocations=13 (full 0):
 garbage-first heap   total 101376K, used 56274K [0x0000000080000000, 0x0000000100000000)
  region size 1024K, 20 young (20480K), 7 survivors (7168K)
 Metaspace       used 58590K, committed 60096K, reserved 1114112K
  class space    used 8108K, committed 8832K, reserved 1048576K
}
Event: 2.855 GC heap after
{Heap after GC invocations=14 (full 0):
 garbage-first heap   total 101376K, used 44840K [0x0000000080000000, 0x0000000100000000)
  region size 1024K, 2 young (2048K), 2 survivors (2048K)
 Metaspace       used 58590K, committed 60096K, reserved 1114112K
  class space    used 8108K, committed 8832K, reserved 1048576K
}
Event: 3.103 GC heap before
{Heap before GC invocations=15 (full 0):
 garbage-first heap   total 101376K, used 88872K [0x0000000080000000, 0x0000000100000000)
  region size 1024K, 45 young (46080K), 2 survivors (2048K)
 Metaspace       used 64803K, committed 66368K, reserved 1114112K
  class space    used 9064K, committed 9792K, reserved 1048576K
}
Event: 3.105 GC heap after
{Heap after GC invocations=16 (full 0):
 garbage-first heap   total 121856K, used 46788K [0x0000000080000000, 0x0000000100000000)
  region size 1024K, 4 young (4096K), 4 survivors (4096K)
 Metaspace       used 64803K, committed 66368K, reserved 1114112K
  class space    used 9064K, committed 9792K, reserved 1048576K
}

